<?xml version="1.0" encoding="UTF-8"?>
<TestRun id="6dac9ca8-98c8-4f43-9197-bd413e47e8e2" name="ashykalov@ASHYKALOV 2014-02-21 12:54:05" runUser="UNIVERSE\ashykalov" xmlns="http://microsoft.com/schemas/VisualStudio/TeamTest/2010">
  <TestSettings name="Local" id="c216b85b-6c41-41ce-860e-e7c85b876cf1">
    <Description>These are default test settings for a local test run.</Description>
    <Deployment enabled="false" runDeploymentRoot="ashykalov_ASHYKALOV 2014-02-21 12_54_05">
      <DeploymentItem filename="D:\Selenium_test\selenium-dotnet-2.39.0\net35\WebDriver.Support.dll" />
      <DeploymentItem filename="D:\storuq\TestProject1\StoryQ-2.0.5\StoryQ.dll" />
      <DeploymentItem filename="D:\Selenium_test\selenium-dotnet-2.39.0\net35\Selenium.WebDriverBackedSelenium.dll" />
      <DeploymentItem filename="D:\Selenium_test\selenium-dotnet-2.39.0\net35\WebDriver.dll" />
    </Deployment>
    <Execution parallelTestCount="0">
      <TestTypeSpecific />
      <AgentRule name="Execution Agents">
      </AgentRule>
    </Execution>
  </TestSettings>
  <Times creation="2014-02-21T12:54:05.1963227+02:00" queuing="2014-02-21T12:54:05.2823313+02:00" start="2014-02-21T12:54:05.3203351+02:00" finish="2014-02-21T12:54:24.2102239+02:00" />
  <ResultSummary outcome="Completed">
    <Counters total="1" executed="1" passed="1" error="0" failed="0" timeout="0" aborted="0" inconclusive="0" passedButRunAborted="0" notRunnable="0" notExecuted="0" disconnected="0" warning="0" completed="0" inProgress="0" pending="0" />
  </ResultSummary>
  <TestDefinitions>
    <UnitTest name="fields" storage="d:\seleniumcamp\seleniumcamp\bin\debug\seleniumcamp.dll" id="347144d3-28d1-37d1-91ea-017bcb834472">
      <Execution id="35d8a7ed-1e80-44ec-8653-65a9a10b83e8" />
      <TestMethod codeBase="D:/SeleniumCamp/SeleniumCamp/bin/Debug/SeleniumCamp.DLL" adapterTypeName="Microsoft.VisualStudio.TestTools.TestTypes.Unit.UnitTestAdapter, Microsoft.VisualStudio.QualityTools.Tips.UnitTest.Adapter, Version=10.0.0.0, Culture=neutral, PublicKeyToken=b03f5f7f11d50a3a" className="SeleniumCamp.Test.StoryQTestClass, SeleniumCamp, Version=1.0.0.0, Culture=neutral, PublicKeyToken=null" name="fields" />
    </UnitTest>
  </TestDefinitions>
  <TestLists>
    <TestList name="Results Not in a List" id="8c84fa94-04c1-424b-9868-57a2d4851a1d" />
    <TestList name="All Loaded Results" id="19431567-8539-422a-85d7-44ee4e166bda" />
  </TestLists>
  <TestEntries>
    <TestEntry testId="347144d3-28d1-37d1-91ea-017bcb834472" executionId="35d8a7ed-1e80-44ec-8653-65a9a10b83e8" testListId="8c84fa94-04c1-424b-9868-57a2d4851a1d" />
  </TestEntries>
  <Results>
    <UnitTestResult executionId="35d8a7ed-1e80-44ec-8653-65a9a10b83e8" testId="347144d3-28d1-37d1-91ea-017bcb834472" testName="fields" computerName="ASHYKALOV" duration="00:00:18.4085638" startTime="2014-02-21T12:54:05.3373368+02:00" endTime="2014-02-21T12:54:24.1352164+02:00" testType="13cdc9d9-ddb5-4fa4-a97d-d965ccfc6d4b" outcome="Passed" testListId="8c84fa94-04c1-424b-9868-57a2d4851a1d" relativeResultsDirectory="35d8a7ed-1e80-44ec-8653-65a9a10b83e8">
      <Output>
        <StdOut>Story is Selenium camp
  In order to Benefit
  As a Role
  I want Test_Feature_2

      With scenario Fields
        Given I am on the home page(http://91.234.37.131:4000/) =&gt; Passed
          And I click inner page                                =&gt; Passed
          And I navigate to fields page                         =&gt; Passed
          And I fill username with Alex                         =&gt; Passed
          And I fill email with trololo@trololo.ru              =&gt; Passed</StdOut>
      </Output>
    </UnitTestResult>
  </Results>
</TestRun>