<?xml version="1.0" encoding="UTF-8"?>
<TestRun id="a49440fc-d782-42c1-889d-06717eeeca4b" name="ashykalov@ASHYKALOV 2014-02-19 17:31:26" runUser="UNIVERSE\ashykalov" xmlns="http://microsoft.com/schemas/VisualStudio/TeamTest/2010">
  <TestSettings name="Local" id="c216b85b-6c41-41ce-860e-e7c85b876cf1">
    <Description>These are default test settings for a local test run.</Description>
    <Deployment enabled="false" runDeploymentRoot="ashykalov_ASHYKALOV 2014-02-19 17_31_26">
      <DeploymentItem filename="D:\Selenium_test\selenium-dotnet-2.39.0\net35\WebDriver.Support.dll" />
      <DeploymentItem filename="D:\storuq\TestProject1\StoryQ-2.0.5\StoryQ.dll" />
      <DeploymentItem filename="D:\Selenium_test\selenium-dotnet-2.39.0\net35\Selenium.WebDriverBackedSelenium.dll" />
      <DeploymentItem filename="D:\Selenium_test\selenium-dotnet-2.39.0\net35\WebDriver.dll" />
    </Deployment>
    <Execution parallelTestCount="0">
      <TestTypeSpecific />
      <AgentRule name="Execution Agents">
      </AgentRule>
    </Execution>
  </TestSettings>
  <Times creation="2014-02-19T17:31:26.5784075+02:00" queuing="2014-02-19T17:31:26.6484145+02:00" start="2014-02-19T17:31:26.6524149+02:00" finish="2014-02-19T17:31:29.3916888+02:00" />
  <ResultSummary outcome="Failed">
    <Counters total="1" executed="1" error="0" failed="1" timeout="0" aborted="0" inconclusive="0" passedButRunAborted="0" notRunnable="0" notExecuted="0" disconnected="0" warning="0" passed="0" completed="0" inProgress="0" pending="0" />
  </ResultSummary>
  <TestDefinitions>
    <UnitTest name="uploadfiles" storage="d:\seleniumcamp\seleniumcamp\bin\debug\seleniumcamp.dll" id="df917eef-857d-545d-7eee-f45c29c523d5">
      <Execution id="9b983011-af49-4ca4-85d0-dfe2a8c88810" />
      <TestMethod codeBase="D:/SeleniumCamp/SeleniumCamp/bin/Debug/SeleniumCamp.DLL" adapterTypeName="Microsoft.VisualStudio.TestTools.TestTypes.Unit.UnitTestAdapter, Microsoft.VisualStudio.QualityTools.Tips.UnitTest.Adapter, Version=10.0.0.0, Culture=neutral, PublicKeyToken=b03f5f7f11d50a3a" className="SeleniumCamp.Test.StoryQTestClass, SeleniumCamp, Version=1.0.0.0, Culture=neutral, PublicKeyToken=null" name="uploadfiles" />
    </UnitTest>
  </TestDefinitions>
  <TestLists>
    <TestList name="Results Not in a List" id="8c84fa94-04c1-424b-9868-57a2d4851a1d" />
    <TestList name="All Loaded Results" id="19431567-8539-422a-85d7-44ee4e166bda" />
  </TestLists>
  <TestEntries>
    <TestEntry testId="df917eef-857d-545d-7eee-f45c29c523d5" executionId="9b983011-af49-4ca4-85d0-dfe2a8c88810" testListId="8c84fa94-04c1-424b-9868-57a2d4851a1d" />
  </TestEntries>
  <Results>
    <UnitTestResult executionId="9b983011-af49-4ca4-85d0-dfe2a8c88810" testId="df917eef-857d-545d-7eee-f45c29c523d5" testName="uploadfiles" computerName="ASHYKALOV" duration="00:00:02.5675240" startTime="2014-02-19T17:31:26.6544151+02:00" endTime="2014-02-19T17:31:29.3646861+02:00" testType="13cdc9d9-ddb5-4fa4-a97d-d965ccfc6d4b" outcome="Failed" testListId="8c84fa94-04c1-424b-9868-57a2d4851a1d" relativeResultsDirectory="9b983011-af49-4ca4-85d0-dfe2a8c88810">
      <Output>
        <ErrorInfo>
          <Message>Test method SeleniumCamp.Test.StoryQTestClass.uploadfiles threw exception: 
System.ArgumentException: If you use 1 underscores in your method name, make sure there's 1 arguments (found 0)</Message>
          <StackTrace>    at StoryQ.Formatting.Methods.ParametersInlineMethodFormatAttribute.Format(MethodInfo method, IEnumerable`1 parameters)
   at StoryQ.Formatting.Formatter.FormatMethod(Delegate method, Object[] arguments)
   at StoryQ.Infrastructure.FragmentBase.MethodToText(Delegate method, Object[] arguments)
   at StoryQ.Condition.And(Action descriptiveAction)
   at SeleniumCamp.Test.StoryQTestClass.uploadfiles() in D:\SeleniumCamp\SeleniumCamp\Tests\UnitTest1.cs:line 123
</StackTrace>
        </ErrorInfo>
      </Output>
    </UnitTestResult>
  </Results>
</TestRun>